<?xml version="1.0" encoding="UTF-8"?>
<testsuite xmlns:xsi="http://www.w3.org/2001/XMLSchema-instance" xsi:noNamespaceSchemaLocation="https://maven.apache.org/surefire/maven-surefire-plugin/xsd/surefire-test-report-3.0.xsd" version="3.0" name="com.ahmedukamel.hms.HmsApplicationTests" time="4.407" tests="1" errors="0" skipped="0" failures="0">
  <properties>
[...]
</properties>
  <testcase name="contextLoads" classname="com.ahmedukamel.hms.HmsApplicationTests" time="0.989">
    <system-out><![CDATA[04:22:14.771 [main] INFO org.springframework.test.context.support.AnnotationConfigContextLoaderUtils -- Could not detect default configuration classes for test class [com.ahmedukamel.hms.HmsApplicationTests]: HmsApplicationTests does not declare any static, non-private, non-final, nested classes annotated with @Configuration.
04:22:14.926 [main] INFO org.springframework.boot.test.context.SpringBootTestContextBootstrapper -- Found @SpringBootConfiguration com.ahmedukamel.hms.HmsApplication for test class com.ahmedukamel.hms.HmsApplicationTests

  .   ____          _            __ _ _
 /\\ / ___'_ __ _ _(_)_ __  __ _ \ \ \ \
( ( )\___ | '_ | '_| | '_ \/ _` | \ \ \ \
 \\/  ___)| |_)| | | | | || (_| |  ) ) ) )
  '  |____| .__|_| |_|_| |_\__, | / / / /
 =========|_|==============|___/=/_/_/_/
 :: Spring Boot ::                (v3.1.0)

2023-09-06T04:22:15.547-07:00  INFO 6336 --- [           main] c.ahmedukamel.hms.HmsApplicationTests    : Starting HmsApplicationTests using Java 20 with PID 6336 (started by ahmed in C:\Users\ahmed\Desktop\CS391-Software-Engineering)
2023-09-06T04:22:15.548-07:00  INFO 6336 --- [           main] c.ahmedukamel.hms.HmsApplicationTests    : No active profile set, falling back to 1 default profile: "default"
2023-09-06T04:22:17.394-07:00  INFO 6336 --- [           main] o.s.b.a.w.s.WelcomePageHandlerMapping    : Adding welcome page template: index
2023-09-06T04:22:17.579-07:00  INFO 6336 --- [           main] o.s.s.web.DefaultSecurityFilterChain     : Will secure any request with [org.springframework.security.web.session.DisableEncodeUrlFilter@6f25bf88, org.springframework.security.web.context.request.async.WebAsyncManagerIntegrationFilter@42ea7565, org.springframework.security.web.context.SecurityContextHolderFilter@64763e49, org.springframework.security.web.header.HeaderWriterFilter@78b7f805, org.springframework.security.web.authentication.logout.LogoutFilter@4f59a516, org.springframework.security.web.authentication.UsernamePasswordAuthenticationFilter@77cb452c, org.springframework.security.web.authentication.ui.DefaultLoginPageGeneratingFilter@62b475e2, org.springframework.security.web.authentication.ui.DefaultLogoutPageGeneratingFilter@7b5cc918, org.springframework.security.web.savedrequest.RequestCacheAwareFilter@69cd7630, org.springframework.security.web.servletapi.SecurityContextHolderAwareRequestFilter@3e546734, org.springframework.security.web.authentication.AnonymousAuthenticationFilter@62b3a2f6, org.springframework.security.web.access.ExceptionTranslationFilter@626d2016, org.springframework.security.web.access.intercept.AuthorizationFilter@5382184b]
2023-09-06T04:22:17.948-07:00  INFO 6336 --- [           main] c.ahmedukamel.hms.HmsApplicationTests    : Started HmsApplicationTests in 2.746 seconds (process running for 4.033)
]]></system-out>
  </testcase>
</testsuite>